
=== musnad-ahmed (sunnah.com: ahmad) ===
  Discovering chapters...
  Found 8 chapters
  Discovering hadiths...
  Found 1359 hadith references
  Remaining: 1359
  [200/1359] ✅200 ❌0 | 12.2/s | ETA: 95s
  [400/1359] ✅400 ❌0 | 11.8/s | ETA: 81s
  [600/1359] ✅600 ❌0 | 12.4/s | ETA: 61s
  [800/1359] ✅800 ❌0 | 11.2/s | ETA: 50s
  [1000/1359] ✅1000 ❌0 | 11.5/s | ETA: 31s
  [1200/1359] ✅1200 ❌0 | 11.7/s | ETA: 14s
  DONE: 1359 success, 0 failed | 115s

=== aladab-almufrad (sunnah.com: adab) ===
  Discovering chapters...
  Found 57 chapters
  Discovering hadiths...
  Found 1182 hadith references
  Remaining: 1182
  [200/1182] ✅200 ❌0 | 10.0/s | ETA: 98s
  [403/1182] ✅400 ❌3 | 8.0/s | ETA: 97s
  [604/1182] ✅600 ❌4 | 9.1/s | ETA: 63s
  [805/1182] ✅800 ❌5 | 9.5/s | ETA: 40s
  [1007/1182] ✅1000 ❌7 | 10.1/s | ETA: 17s
  DONE: 1175 success, 7 failed | 115s

=== shamail-tirmazi (sunnah.com: shamail) ===
  Discovering chapters...
  Found 56 chapters
  Discovering hadiths...
  Found 400 hadith references
  Remaining: 400
  [200/400] ✅200 ❌0 | 11.9/s | ETA: 17s
  [400/400] ✅400 ❌0 | 13.5/s | ETA: 0s
  DONE: 400 success, 0 failed | 30s

=== mishkat (sunnah.com: mishkat) ===
  Discovering chapters...
  Found 28 chapters
  Discovering hadiths...
  Found 5012 hadith references
  Remaining: 5012
  [200/5012] ✅200 ❌0 | 9.8/s | ETA: 492s
  [400/5012] ✅400 ❌0 | 10.1/s | ETA: 458s
  [600/5012] ✅600 ❌0 | 10.7/s | ETA: 411s
  [800/5012] ✅800 ❌0 | 10.3/s | ETA: 410s
  [1000/5012] ✅1000 ❌0 | 10.6/s | ETA: 379s
  [1200/5012] ✅1200 ❌0 | 10.2/s | ETA: 375s
  [1400/5012] ✅1400 ❌0 | 10.1/s | ETA: 357s
  [1600/5012] ✅1600 ❌0 | 10.4/s | ETA: 329s
  [1800/5012] ✅1800 ❌0 | 10.6/s | ETA: 304s
  [2000/5012] ✅2000 ❌0 | 10.8/s | ETA: 278s
  [2200/5012] ✅2200 ❌0 | 10.8/s | ETA: 260s
  [2400/5012] ✅2400 ❌0 | 11.0/s | ETA: 238s
  [2600/5012] ✅2600 ❌0 | 10.9/s | ETA: 222s
  [2800/5012] ✅2800 ❌0 | 10.6/s | ETA: 209s
  [3000/5012] ✅3000 ❌0 | 10.8/s | ETA: 186s
  [3200/5012] ✅3200 ❌0 | 10.9/s | ETA: 166s
  [3400/5012] ✅3400 ❌0 | 11.0/s | ETA: 147s
  [3600/5012] ✅3600 ❌0 | 11.2/s | ETA: 127s
  [3800/5012] ✅3800 ❌0 | 11.2/s | ETA: 108s
  [4000/5012] ✅4000 ❌0 | 11.4/s | ETA: 89s
  [4200/5012] ✅4200 ❌0 | 11.3/s | ETA: 72s
  [4400/5012] ✅4400 ❌0 | 11.3/s | ETA: 54s
  [4600/5012] ✅4600 ❌0 | 11.2/s | ETA: 37s
  [4800/5012] ✅4800 ❌0 | 11.3/s | ETA: 19s
  [5000/5012] ✅5000 ❌0 | 11.4/s | ETA: 1s
  DONE: 5012 success, 0 failed | 443s

=== bulugh-al-maram (sunnah.com: bulugh) ===
  Discovering chapters...
  Found 16 chapters
  Discovering hadiths...
  Found 347 hadith references
  Remaining: 347
  [200/347] ✅200 ❌0 | 10.7/s | ETA: 14s
  DONE: 346 success, 1 failed | 33s

=== hisn-al-muslim (sunnah.com: hisn) ===
  Discovering chapters...
  Found 0 chapters
  Discovering hadiths...
  Found 0 hadith references
  No hadiths found

=== collections-of-forty (sunnah.com: forty) ===
  Discovering chapters...
  Found 0 chapters
  Discovering hadiths...
  Found 0 hadith references
  No hadiths found

=== sunan-darmi (sunnah.com: darimi) ===
  Discovering chapters...
  Found 23 chapters
  Discovering hadiths...
  Found 0 hadith references
  No hadiths found
