
================================================================================
  MUSNAD-AHMED
================================================================================
  Discovering chapters...
  Found 15 chapters: [1, 2, 3, 4, 5, 6, 7, 8, 9, 10, 11, 12, 13, 14, 15]
  Discovering hadith IDs (parallel)...
  Chapters scanned: 5/15, hadiths found: 75
  Chapters scanned: 10/15, hadiths found: 177
  Chapters scanned: 15/15, hadiths found: 329
  Total unique hadith IDs: 329
  Remaining: 329
  [200/329] ✅200 ❌0 | 17.1/s | ETA: 8s
  DONE: 329 success, 0 failed | 19s

================================================================================
  SILSILA-SAHIH
================================================================================
  Discovering chapters...
  Found 25 chapters: [1, 2, 3, 4, 5, 6, 7, 8, 9, 10, 11, 12, 13, 14, 15, 16, 17, 18, 19, 20, 21, 22, 23, 24, 25]
  Discovering hadith IDs (parallel)...
  Chapters scanned: 5/25, hadiths found: 6
  Chapters scanned: 10/25, hadiths found: 15
  Chapters scanned: 15/25, hadiths found: 26
  Chapters scanned: 20/25, hadiths found: 42
  Chapters scanned: 25/25, hadiths found: 52
  Total unique hadith IDs: 52
  Remaining: 52
  DONE: 52 success, 0 failed | 6s

================================================================================
  MISHKAT
================================================================================
  Discovering chapters...
  Found 25 chapters: [1, 2, 3, 4, 5, 6, 7, 8, 9, 10, 11, 12, 13, 14, 15, 16, 17, 18, 19, 20, 21, 22, 23, 24, 25]
  Discovering hadith IDs (parallel)...
  Chapters scanned: 5/25, hadiths found: 72
  Chapters scanned: 10/25, hadiths found: 183
  Chapters scanned: 15/25, hadiths found: 284
  Chapters scanned: 20/25, hadiths found: 382
  Chapters scanned: 25/25, hadiths found: 494
  Total unique hadith IDs: 494
  Remaining: 494
  [200/494] ✅200 ❌0 | 12.8/s | ETA: 23s
  [400/494] ✅400 ❌0 | 13.0/s | ETA: 7s
  DONE: 494 success, 0 failed | 36s

================================================================================
  FATAH-ALRABANI
================================================================================
  Discovering chapters...
  Found 25 chapters: [1, 2, 3, 4, 5, 6, 7, 8, 9, 10, 11, 12, 13, 14, 15, 16, 17, 18, 19, 20, 21, 22, 23, 24, 25]
  Discovering hadith IDs (parallel)...
  Chapters scanned: 5/25, hadiths found: 24
  Chapters scanned: 10/25, hadiths found: 49
  Chapters scanned: 15/25, hadiths found: 99
  Chapters scanned: 20/25, hadiths found: 133
  Chapters scanned: 25/25, hadiths found: 193
  Total unique hadith IDs: 193
  Remaining: 193
  DONE: 193 success, 0 failed | 14s

================================================================================
  BAYHAQI
================================================================================
  Discovering chapters...
  Found 25 chapters: [1, 2, 3, 4, 5, 6, 7, 8, 9, 10, 11, 12, 13, 14, 15, 16, 17, 18, 19, 20, 21, 22, 23, 24, 25]
  Discovering hadith IDs (parallel)...
  Chapters scanned: 5/25, hadiths found: 16
  Chapters scanned: 10/25, hadiths found: 31
  Chapters scanned: 15/25, hadiths found: 55
  Chapters scanned: 20/25, hadiths found: 92
  Chapters scanned: 25/25, hadiths found: 125
  Total unique hadith IDs: 125
  Remaining: 125
  DONE: 125 success, 0 failed | 9s

================================================================================
  SHAMAIL-TIRMAZI
================================================================================
  Discovering chapters...
  Found 25 chapters: [1, 2, 3, 4, 5, 6, 7, 8, 9, 10, 11, 12, 13, 14, 15, 16, 17, 18, 19, 20, 21, 22, 23, 24, 25]
  Discovering hadith IDs (parallel)...
  Chapters scanned: 5/25, hadiths found: 18
  Chapters scanned: 10/25, hadiths found: 36
  Chapters scanned: 15/25, hadiths found: 85
  Chapters scanned: 20/25, hadiths found: 113
  Chapters scanned: 25/25, hadiths found: 147
  Total unique hadith IDs: 147
  Remaining: 147
  DONE: 147 success, 0 failed | 14s

================================================================================
  ALADAB-ALMUFRAD
================================================================================
  Discovering chapters...
  Found 25 chapters: [1, 2, 3, 4, 5, 6, 7, 8, 9, 10, 11, 12, 13, 14, 15, 16, 17, 18, 19, 20, 21, 22, 23, 24, 25]
  Discovering hadith IDs (parallel)...
  Chapters scanned: 5/25, hadiths found: 11
  Chapters scanned: 10/25, hadiths found: 23
  Chapters scanned: 15/25, hadiths found: 30
  Chapters scanned: 20/25, hadiths found: 42
  Chapters scanned: 25/25, hadiths found: 49
  Total unique hadith IDs: 49
  Remaining: 49
  DONE: 49 success, 0 failed | 2s

================================================================================
  MUSTADRAK
================================================================================
  Discovering chapters...
  Found 25 chapters: [1, 2, 3, 4, 5, 6, 7, 8, 9, 10, 11, 12, 13, 14, 15, 16, 17, 18, 19, 20, 21, 22, 23, 24, 25]
  Discovering hadith IDs (parallel)...
  Chapters scanned: 5/25, hadiths found: 100
  Chapters scanned: 10/25, hadiths found: 232
  Chapters scanned: 15/25, hadiths found: 382
  Chapters scanned: 20/25, hadiths found: 532
  Chapters scanned: 25/25, hadiths found: 668
  Total unique hadith IDs: 668
  Remaining: 668
  [200/668] ✅200 ❌0 | 17.1/s | ETA: 27s
  [400/668] ✅400 ❌0 | 19.9/s | ETA: 13s
  [600/668] ✅600 ❌0 | 19.4/s | ETA: 4s
  DONE: 668 success, 0 failed | 34s

================================================================================
  SUNAN-DARMI
================================================================================
  Discovering chapters...
  Found 25 chapters: [1, 2, 3, 4, 5, 6, 7, 8, 9, 10, 11, 12, 13, 14, 15, 16, 17, 18, 19, 20, 21, 22, 23, 24, 25]
  Discovering hadith IDs (parallel)...
  Chapters scanned: 5/25, hadiths found: 22
  Chapters scanned: 10/25, hadiths found: 53
  Chapters scanned: 15/25, hadiths found: 93
  Chapters scanned: 20/25, hadiths found: 177
  Chapters scanned: 25/25, hadiths found: 245
  Total unique hadith IDs: 245
  Remaining: 245
  [200/245] ✅200 ❌0 | 18.1/s | ETA: 2s
  DONE: 245 success, 0 failed | 14s

================================================================================
  MUAJAM-TABARANI-SAGHIR
================================================================================
  Discovering chapters...
  Found 25 chapters: [1, 2, 3, 4, 5, 6, 7, 8, 9, 10, 11, 12, 13, 14, 15, 16, 17, 18, 19, 20, 21, 22, 23, 24, 25]
  Discovering hadith IDs (parallel)...
  Chapters scanned: 5/25, hadiths found: 6
  Chapters scanned: 10/25, hadiths found: 11
  Chapters scanned: 15/25, hadiths found: 16
  Chapters scanned: 20/25, hadiths found: 21
  Chapters scanned: 25/25, hadiths found: 26
  Total unique hadith IDs: 26
  Remaining: 26
  DONE: 26 success, 0 failed | 2s

================================================================================
  MUSANNAF-IBN-ABI-SHAYBAH
================================================================================
  Discovering chapters...
  Found 25 chapters: [1, 2, 3, 4, 5, 6, 7, 8, 9, 10, 11, 12, 13, 14, 15, 16, 17, 18, 19, 20, 21, 22, 23, 24, 25]
  Discovering hadith IDs (parallel)...
  Chapters scanned: 5/25, hadiths found: 31
  Chapters scanned: 10/25, hadiths found: 76
  Chapters scanned: 15/25, hadiths found: 152
  Chapters scanned: 20/25, hadiths found: 205
  Chapters scanned: 25/25, hadiths found: 264
  Total unique hadith IDs: 264
  Remaining: 264
  [200/264] ✅200 ❌0 | 17.8/s | ETA: 4s
  DONE: 264 success, 0 failed | 17s

================================================================================
  SAHIH-IBN-KHUZAYMAH
================================================================================
  Discovering chapters...
  Found 25 chapters: [1, 2, 3, 4, 5, 6, 7, 8, 9, 10, 11, 12, 13, 14, 15, 16, 17, 18, 19, 20, 21, 22, 23, 24, 25]
  Discovering hadith IDs (parallel)...
  Chapters scanned: 5/25, hadiths found: 12
  Chapters scanned: 10/25, hadiths found: 25
  Chapters scanned: 15/25, hadiths found: 36
  Chapters scanned: 20/25, hadiths found: 40
  Chapters scanned: 25/25, hadiths found: 50
  Total unique hadith IDs: 50
  Remaining: 50
  DONE: 50 success, 0 failed | 3s

================================================================================
  SUNAN-AL-DARAQUTNI
================================================================================
  Discovering chapters...
  Found 25 chapters: [1, 2, 3, 4, 5, 6, 7, 8, 9, 10, 11, 12, 13, 14, 15, 16, 17, 18, 19, 20, 21, 22, 23, 24, 25]
  Discovering hadith IDs (parallel)...
  Chapters scanned: 5/25, hadiths found: 20
  Chapters scanned: 10/25, hadiths found: 42
  Chapters scanned: 15/25, hadiths found: 88
  Chapters scanned: 20/25, hadiths found: 162
  Chapters scanned: 25/25, hadiths found: 219
  Total unique hadith IDs: 219
  Remaining: 219
  [200/219] ✅200 ❌0 | 17.7/s | ETA: 1s
  DONE: 219 success, 0 failed | 13s

================================================================================
  BULUGH-AL-MARAM
================================================================================
  Discovering chapters...
  Found 17 chapters: [0, 1, 2, 3, 4, 5, 6, 7, 8, 9, 10, 11, 12, 13, 14, 15, 16]
  Discovering hadith IDs (parallel)...
  Chapters scanned: 5/17, hadiths found: 36
  Chapters scanned: 10/17, hadiths found: 95
  Chapters scanned: 15/17, hadiths found: 158
  Chapters scanned: 17/17, hadiths found: 196
  Total unique hadith IDs: 196
  Remaining: 196
  DONE: 196 success, 0 failed | 10s

================================================================================
  LULU-WAL-MARJAN
================================================================================
  Discovering chapters...
  Found 25 chapters: [0, 1, 2, 3, 4, 5, 6, 7, 8, 9, 10, 11, 12, 13, 14, 15, 16, 17, 18, 19, 20, 21, 22, 23, 24]
  Discovering hadith IDs (parallel)...
  Chapters scanned: 5/25, hadiths found: 7
  Chapters scanned: 10/25, hadiths found: 18
  Chapters scanned: 15/25, hadiths found: 30
  Chapters scanned: 20/25, hadiths found: 39
  Chapters scanned: 25/25, hadiths found: 47
  Total unique hadith IDs: 47
  Remaining: 47
  DONE: 47 success, 0 failed | 3s
