
================================================================================
  BUKHARI: 7563 hadiths | 30 workers
================================================================================
  Resuming from 2103 existing entries
  Remaining: 5460
  [200/5460] ✅200 ❌0 | 8.9/s | ETA: 593s
  [400/5460] ✅400 ❌0 | 10.2/s | ETA: 496s
  [600/5460] ✅600 ❌0 | 10.2/s | ETA: 477s
  [800/5460] ✅800 ❌0 | 10.8/s | ETA: 433s
  [1000/5460] ✅1000 ❌0 | 11.4/s | ETA: 391s
  [1200/5460] ✅1200 ❌0 | 11.7/s | ETA: 365s
  [1400/5460] ✅1400 ❌0 | 12.0/s | ETA: 338s
  [1600/5460] ✅1600 ❌0 | 12.0/s | ETA: 322s
  [1800/5460] ✅1800 ❌0 | 12.2/s | ETA: 300s
  [2000/5460] ✅2000 ❌0 | 12.2/s | ETA: 284s
  [2200/5460] ✅2200 ❌0 | 12.2/s | ETA: 268s
  [2400/5460] ✅2400 ❌0 | 11.8/s | ETA: 259s
  [2600/5460] ✅2600 ❌0 | 11.7/s | ETA: 245s
  [2800/5460] ✅2800 ❌0 | 11.3/s | ETA: 236s
  [3000/5460] ✅3000 ❌0 | 11.1/s | ETA: 222s
  [3200/5460] ✅3200 ❌0 | 11.0/s | ETA: 206s
  [3400/5460] ✅3400 ❌0 | 11.0/s | ETA: 187s
  [3600/5460] ✅3600 ❌0 | 10.4/s | ETA: 180s
  [3800/5460] ✅3800 ❌0 | 10.3/s | ETA: 161s
  [4000/5460] ✅4000 ❌0 | 10.1/s | ETA: 145s
  [4200/5460] ✅4200 ❌0 | 9.8/s | ETA: 128s
  [4400/5460] ✅4400 ❌0 | 9.7/s | ETA: 110s
  [4600/5460] ✅4600 ❌0 | 9.6/s | ETA: 90s
  [4800/5460] ✅4800 ❌0 | 9.7/s | ETA: 68s
  [5000/5460] ✅5000 ❌0 | 9.9/s | ETA: 47s
  [5200/5460] ✅5200 ❌0 | 10.0/s | ETA: 26s
  [5400/5460] ✅5400 ❌0 | 10.2/s | ETA: 6s
  DONE: 5460 success, 0 failed | 531s total

================================================================================
  MUSLIM: 7563 hadiths | 30 workers
================================================================================
  Remaining: 7563
  [200/7563] ✅200 ❌0 | 12.8/s | ETA: 574s
  [400/7563] ✅400 ❌0 | 15.9/s | ETA: 451s
  [600/7563] ✅600 ❌0 | 17.1/s | ETA: 407s
  [800/7563] ✅800 ❌0 | 17.6/s | ETA: 383s
  [1000/7563] ✅1000 ❌0 | 17.1/s | ETA: 383s
  [1200/7563] ✅1200 ❌0 | 16.5/s | ETA: 387s
  [1400/7563] ✅1400 ❌0 | 15.8/s | ETA: 389s
  [1600/7563] ✅1600 ❌0 | 14.3/s | ETA: 418s
  [1800/7563] ✅1800 ❌0 | 14.1/s | ETA: 410s
  [2000/7563] ✅2000 ❌0 | 14.2/s | ETA: 392s
  [2200/7563] ✅2200 ❌0 | 14.3/s | ETA: 375s
  [2400/7563] ✅2400 ❌0 | 14.7/s | ETA: 351s
  [2600/7563] ✅2600 ❌0 | 15.0/s | ETA: 331s
  [2800/7563] ✅2800 ❌0 | 14.5/s | ETA: 329s
  [3000/7563] ✅3000 ❌0 | 14.2/s | ETA: 322s
  [3200/7563] ✅3200 ❌0 | 13.6/s | ETA: 320s
  [3400/7563] ✅3400 ❌0 | 13.2/s | ETA: 316s
  [3600/7563] ✅3600 ❌0 | 12.6/s | ETA: 315s
  [3800/7563] ✅3800 ❌0 | 12.0/s | ETA: 312s
  [4000/7563] ✅4000 ❌0 | 11.6/s | ETA: 307s
  [4200/7563] ✅4200 ❌0 | 10.5/s | ETA: 322s
  [4400/7563] ✅4400 ❌0 | 10.9/s | ETA: 289s
  [4600/7563] ✅4600 ❌0 | 11.4/s | ETA: 260s
  [4800/7563] ✅4800 ❌0 | 11.6/s | ETA: 239s
  [5000/7563] ✅5000 ❌0 | 11.6/s | ETA: 221s
  [5200/7563] ✅5200 ❌0 | 11.6/s | ETA: 203s
  [5400/7563] ✅5400 ❌0 | 11.6/s | ETA: 186s
  [5600/7563] ✅5600 ❌0 | 11.7/s | ETA: 168s
  [5800/7563] ✅5800 ❌0 | 11.8/s | ETA: 149s
  [6000/7563] ✅6000 ❌0 | 11.8/s | ETA: 132s
  [6200/7563] ✅6200 ❌0 | 12.1/s | ETA: 113s
  [6400/7563] ✅6400 ❌0 | 12.2/s | ETA: 95s
  [6600/7563] ✅6600 ❌0 | 12.3/s | ETA: 78s
  [6800/7563] ✅6800 ❌0 | 12.5/s | ETA: 61s
  [7000/7563] ✅7000 ❌0 | 12.6/s | ETA: 45s
  [7200/7563] ✅7200 ❌0 | 12.6/s | ETA: 29s
  [7400/7563] ✅7400 ❌0 | 12.7/s | ETA: 13s
  DONE: 7563 success, 0 failed | 592s total

================================================================================
  ABUDAWUD: 5274 hadiths | 30 workers
================================================================================
  Remaining: 5274
  [200/5274] ✅200 ❌0 | 14.7/s | ETA: 344s
  [400/5274] ✅400 ❌0 | 15.5/s | ETA: 315s
  [600/5274] ✅600 ❌0 | 15.5/s | ETA: 302s
  [800/5274] ✅800 ❌0 | 15.7/s | ETA: 286s
  [1000/5274] ✅1000 ❌0 | 15.7/s | ETA: 273s
  [1200/5274] ✅1200 ❌0 | 15.7/s | ETA: 260s
  [1400/5274] ✅1400 ❌0 | 15.7/s | ETA: 247s
  [1600/5274] ✅1600 ❌0 | 15.7/s | ETA: 233s
  [1800/5274] ✅1800 ❌0 | 15.8/s | ETA: 220s
  [2000/5274] ✅2000 ❌0 | 15.7/s | ETA: 208s
  [2200/5274] ✅2200 ❌0 | 15.8/s | ETA: 195s
  [2400/5274] ✅2400 ❌0 | 15.8/s | ETA: 182s
  [2600/5274] ✅2600 ❌0 | 15.8/s | ETA: 169s
  [2800/5274] ✅2800 ❌0 | 15.8/s | ETA: 156s
  [3000/5274] ✅3000 ❌0 | 15.8/s | ETA: 144s
  [3200/5274] ✅3200 ❌0 | 15.8/s | ETA: 131s
  [3400/5274] ✅3400 ❌0 | 15.8/s | ETA: 118s
  [3600/5274] ✅3600 ❌0 | 15.8/s | ETA: 106s
  [3800/5274] ✅3800 ❌0 | 15.8/s | ETA: 93s
  [4000/5274] ✅4000 ❌0 | 15.8/s | ETA: 81s
  [4200/5274] ✅4200 ❌0 | 15.8/s | ETA: 68s
  [4400/5274] ✅4400 ❌0 | 15.8/s | ETA: 55s
  [4600/5274] ✅4600 ❌0 | 15.8/s | ETA: 43s
  [4800/5274] ✅4800 ❌0 | 15.8/s | ETA: 30s
  [5000/5274] ✅5000 ❌0 | 15.8/s | ETA: 17s
  [5200/5274] ✅5200 ❌0 | 15.8/s | ETA: 5s
  DONE: 5274 success, 0 failed | 332s total

================================================================================
  IBNMAJAH: 4341 hadiths | 30 workers
================================================================================
  Remaining: 4341
  [200/4341] ✅200 ❌0 | 14.8/s | ETA: 280s
  [400/4341] ✅400 ❌0 | 15.8/s | ETA: 249s
  [600/4341] ✅600 ❌0 | 15.9/s | ETA: 235s
  [800/4341] ✅800 ❌0 | 15.8/s | ETA: 224s
  [1000/4341] ✅1000 ❌0 | 16.0/s | ETA: 209s
  [1200/4341] ✅1200 ❌0 | 16.2/s | ETA: 193s
  [1400/4341] ✅1400 ❌0 | 16.3/s | ETA: 180s
  [1600/4341] ✅1600 ❌0 | 16.4/s | ETA: 167s
  [1800/4341] ✅1800 ❌0 | 16.4/s | ETA: 155s
  [2000/4341] ✅2000 ❌0 | 16.5/s | ETA: 142s
  [2200/4341] ✅2200 ❌0 | 16.5/s | ETA: 130s
  [2400/4341] ✅2400 ❌0 | 16.6/s | ETA: 117s
  [2600/4341] ✅2600 ❌0 | 16.5/s | ETA: 105s
  [2800/4341] ✅2800 ❌0 | 16.5/s | ETA: 93s
  [3000/4341] ✅3000 ❌0 | 16.6/s | ETA: 81s
  [3200/4341] ✅3200 ❌0 | 16.6/s | ETA: 69s
  [3400/4341] ✅3400 ❌0 | 16.6/s | ETA: 57s
  [3600/4341] ✅3600 ❌0 | 16.6/s | ETA: 45s
  [3800/4341] ✅3800 ❌0 | 16.6/s | ETA: 33s
  [4000/4341] ✅4000 ❌0 | 16.6/s | ETA: 21s
  [4200/4341] ✅4200 ❌0 | 16.6/s | ETA: 9s
  DONE: 4341 success, 0 failed | 261s total

================================================================================
  MALIK: 1858 hadiths | 30 workers
================================================================================
  Remaining: 1858
  [200/1858] ✅200 ❌0 | 16.5/s | ETA: 101s
  [400/1858] ✅400 ❌0 | 16.7/s | ETA: 87s
  [600/1858] ✅600 ❌0 | 17.3/s | ETA: 73s
  [800/1858] ✅800 ❌0 | 17.3/s | ETA: 61s
  [1000/1858] ✅1000 ❌0 | 17.4/s | ETA: 49s
  [1200/1858] ✅1200 ❌0 | 17.6/s | ETA: 37s
  [1400/1858] ✅1400 ❌0 | 17.5/s | ETA: 26s
  [1600/1858] ✅1600 ❌0 | 17.4/s | ETA: 15s
  [1800/1858] ✅1800 ❌0 | 17.3/s | ETA: 3s
  DONE: 1858 success, 0 failed | 106s total

================================================================================
  NASAI: 5758 hadiths | 30 workers
================================================================================
  Remaining: 5758
  [200/5758] ✅200 ❌0 | 13.0/s | ETA: 427s
  [400/5758] ✅400 ❌0 | 13.2/s | ETA: 407s
  [600/5758] ✅600 ❌0 | 13.5/s | ETA: 382s
  [800/5758] ✅800 ❌0 | 13.6/s | ETA: 364s
  [1000/5758] ✅1000 ❌0 | 13.7/s | ETA: 347s
  [1200/5758] ✅1200 ❌0 | 13.8/s | ETA: 330s
  [1400/5758] ✅1400 ❌0 | 13.8/s | ETA: 315s
  [1600/5758] ✅1600 ❌0 | 13.8/s | ETA: 301s
  [1800/5758] ✅1800 ❌0 | 13.8/s | ETA: 286s
  [2000/5758] ✅2000 ❌0 | 13.8/s | ETA: 272s
  [2200/5758] ✅2200 ❌0 | 13.9/s | ETA: 257s
  [2400/5758] ✅2400 ❌0 | 13.9/s | ETA: 242s
  [2600/5758] ✅2600 ❌0 | 13.9/s | ETA: 227s
  [2800/5758] ✅2800 ❌0 | 13.9/s | ETA: 213s
  [3000/5758] ✅3000 ❌0 | 13.9/s | ETA: 198s
  [3200/5758] ✅3200 ❌0 | 13.9/s | ETA: 185s
  [3400/5758] ✅3400 ❌0 | 13.9/s | ETA: 170s
  [3600/5758] ✅3600 ❌0 | 13.8/s | ETA: 156s
  [3800/5758] ✅3800 ❌0 | 13.8/s | ETA: 141s
  [4000/5758] ✅4000 ❌0 | 13.8/s | ETA: 127s
  [4200/5758] ✅4200 ❌0 | 13.8/s | ETA: 113s
  [4400/5758] ✅4400 ❌0 | 13.8/s | ETA: 98s
  [4600/5758] ✅4600 ❌0 | 13.8/s | ETA: 84s
  [4800/5758] ✅4800 ❌0 | 13.8/s | ETA: 69s
  [5000/5758] ✅5000 ❌0 | 13.7/s | ETA: 55s
  [5200/5758] ✅5200 ❌0 | 13.8/s | ETA: 41s
  [5400/5758] ✅5400 ❌0 | 13.8/s | ETA: 26s
  [5600/5758] ✅5600 ❌0 | 13.8/s | ETA: 11s
  DONE: 5758 success, 0 failed | 416s total

================================================================================
  TIRMIDHI: 3956 hadiths | 30 workers
================================================================================
  Remaining: 3956
  [200/3956] ✅200 ❌0 | 14.0/s | ETA: 269s
  [400/3956] ✅400 ❌0 | 13.8/s | ETA: 258s
  [600/3956] ✅600 ❌0 | 14.1/s | ETA: 238s
  [800/3956] ✅800 ❌0 | 14.1/s | ETA: 223s
  [1000/3956] ✅1000 ❌0 | 14.0/s | ETA: 211s
  [1200/3956] ✅1200 ❌0 | 14.2/s | ETA: 195s
  [1400/3956] ✅1400 ❌0 | 14.2/s | ETA: 181s
  [1600/3956] ✅1600 ❌0 | 14.2/s | ETA: 166s
  [1800/3956] ✅1800 ❌0 | 14.3/s | ETA: 151s
  [2000/3956] ✅2000 ❌0 | 14.3/s | ETA: 137s
  [2200/3956] ✅2200 ❌0 | 14.3/s | ETA: 122s
  [2400/3956] ✅2400 ❌0 | 14.4/s | ETA: 108s
  [2600/3956] ✅2600 ❌0 | 13.8/s | ETA: 98s
  [2800/3956] ✅2800 ❌0 | 13.5/s | ETA: 86s
  [3000/3956] ✅3000 ❌0 | 12.2/s | ETA: 78s
  [3200/3956] ✅3200 ❌0 | 11.0/s | ETA: 69s
  [3400/3956] ✅3400 ❌0 | 10.2/s | ETA: 54s
  [3600/3956] ✅3600 ❌0 | 9.7/s | ETA: 37s
  [3800/3956] ✅3800 ❌0 | 9.3/s | ETA: 17s
  DONE: 3956 success, 0 failed | 431s total
